the_fool_00.jpg
the_magician_01.jpg
the_high_priestess_02.jpg
the_empress_03.jpg
the_emperor_04.jpg
the_hierophant_05.jpg
the_lovers_06.jpg
the_chariot_07.jpg
strength_08.jpg
the_hermit_09.jpg
the_wheel_of_fortune_10.jpg
justice_11.jpg
the_hanged_man_12.jpg
death_13.jpg
temperance_14.jpg
the_devil_15.jpg
the_tower_16.jpg
the_star_17.jpg
the_moon_18.jpg
the_sun_19.jpg
judgement_20.jpg
the_world_21.jpg
wands_01.jpg
wands_02.jpg
wands_03.jpg
wands_04.jpg
wands_05.jpg
wands_06.jpg
wands_07.jpg
wands_08.jpg
wands_09.jpg
wands_10.jpg
wands_page.jpg
wands_knight.jpg
wands_queen.jpg
wands_king.jpg
cups_01.jpg
cups_02.jpg
cups_03.jpg
cups_04.jpg
cups_05.jpg
cups_06.jpg
cups_07.jpg
cups_08.jpg
cups_09.jpg
cups_10.jpg
cups_page.jpg
cups_knight.jpg
cups_queen.jpg
cups_king.jpg
swords_01.jpg
swords_02.jpg
swords_03.jpg
swords_04.jpg
swords_05.jpg
swords_06.jpg
swords_07.jpg
swords_08.jpg
swords_09.jpg
swords_10.jpg
swords_page.jpg
swords_knight.jpg
swords_queen.jpg
swords_king.jpg
pent_01.jpg
pent_02.jpg
pent_03.jpg
pent_04.jpg
pent_05.jpg
pent_06.jpg
pent_07.jpg
pent_08.jpg
pent_09.jpg
pent_10.jpg
pent_page.jpg
pent_knight.jpg
pent_queen.jpg
pent_king.jpg
